{"/home/jlandrews/School/Dev Decal/Homework-2/ex2/contracts/BettingContract.sol":{"l":{"37":3,"38":2,"43":16,"44":16,"49":7,"50":6,"51":6,"62":21,"63":21,"64":21,"65":21,"66":21,"67":21,"72":5,"73":5,"74":5,"75":9,"76":5,"77":5,"80":5,"82":4,"83":6,"86":5,"90":5,"91":5,"99":2,"100":2,"105":1,"110":9,"115":5,"116":9,"118":5,"119":5,"126":1},"path":"/home/jlandrews/School/Dev Decal/Homework-2/ex2/contracts/BettingContract.sol","s":{"1":8,"2":6,"3":25,"4":24,"5":22,"6":23,"7":3,"8":16,"9":16,"10":7,"11":1,"12":6,"13":6,"14":21,"15":21,"16":21,"17":21,"18":21,"19":21,"20":5,"21":5,"22":5,"23":9,"24":5,"25":5,"26":1,"27":4,"28":6,"29":5,"30":5,"31":5,"32":2,"33":1,"34":9,"35":5,"36":5,"37":1},"b":{"1":[7,1],"2":[5,1],"3":[24,1],"4":[23,1],"5":[21,1],"6":[22,1],"7":[2,1],"8":[1,6],"9":[5,4],"10":[1,4],"11":[5,1]},"f":{"1":8,"2":6,"3":25,"4":24,"5":22,"6":23,"7":3,"8":16,"9":7,"10":21,"11":5,"12":2,"13":1,"14":9,"15":5,"16":1},"fnMap":{"1":{"name":"OwnerOnly","line":30,"loc":{"start":{"line":30,"column":1},"end":{"line":30,"column":22}}},"2":{"name":"OracleOnly","line":31,"loc":{"start":{"line":31,"column":1},"end":{"line":31,"column":23}}},"3":{"name":"NotOracle","line":32,"loc":{"start":{"line":32,"column":1},"end":{"line":32,"column":22}}},"4":{"name":"NotOwner","line":33,"loc":{"start":{"line":33,"column":1},"end":{"line":33,"column":21}}},"5":{"name":"NotAlreadyBet","line":34,"loc":{"start":{"line":34,"column":1},"end":{"line":34,"column":26}}},"6":{"name":"OpenBettingSlot","line":35,"loc":{"start":{"line":35,"column":1},"end":{"line":35,"column":28}}},"7":{"name":"HasFunds","line":36,"loc":{"start":{"line":36,"column":1},"end":{"line":36,"column":40}}},"8":{"name":"BettingContract","line":42,"loc":{"start":{"line":42,"column":1},"end":{"line":42,"column":51}}},"9":{"name":"chooseOracle","line":48,"loc":{"start":{"line":48,"column":1},"end":{"line":48,"column":77}}},"10":{"name":"makeBet","line":55,"loc":{"start":{"line":55,"column":1},"end":{"line":61,"column":33}}},"11":{"name":"makeDecision","line":71,"loc":{"start":{"line":71,"column":1},"end":{"line":71,"column":58}}},"12":{"name":"withdraw","line":95,"loc":{"start":{"line":95,"column":1},"end":{"line":98,"column":2}}},"13":{"name":"checkOutcomes","line":104,"loc":{"start":{"line":104,"column":1},"end":{"line":104,"column":59}}},"14":{"name":"checkWinnings","line":109,"loc":{"start":{"line":109,"column":1},"end":{"line":109,"column":56}}},"15":{"name":"contractReset","line":114,"loc":{"start":{"line":114,"column":1},"end":{"line":114,"column":34}}},"16":{"name":null,"line":123,"loc":{"start":{"line":123,"column":1},"end":{"line":123,"column":20}}}},"statementMap":{"1":{"start":{"line":30,"column":23},"end":{"line":30,"column":50}},"2":{"start":{"line":31,"column":24},"end":{"line":31,"column":52}},"3":{"start":{"line":32,"column":23},"end":{"line":32,"column":51}},"4":{"start":{"line":33,"column":22},"end":{"line":33,"column":49}},"5":{"start":{"line":34,"column":27},"end":{"line":34,"column":64}},"6":{"start":{"line":35,"column":29},"end":{"line":35,"column":54}},"7":{"start":{"line":37,"column":2},"end":{"line":37,"column":48}},"8":{"start":{"line":43,"column":2},"end":{"line":43,"column":19}},"9":{"start":{"line":44,"column":2},"end":{"line":44,"column":21}},"10":{"start":{"line":49,"column":2},"end":{"line":49,"column":41}},"11":{"start":{"line":49,"column":33},"end":{"line":49,"column":40}},"12":{"start":{"line":50,"column":2},"end":{"line":50,"column":17}},"13":{"start":{"line":51,"column":2},"end":{"line":51,"column":15}},"14":{"start":{"line":62,"column":2},"end":{"line":62,"column":50}},"15":{"start":{"line":63,"column":2},"end":{"line":63,"column":31}},"16":{"start":{"line":64,"column":2},"end":{"line":64,"column":22}},"17":{"start":{"line":65,"column":2},"end":{"line":65,"column":13}},"18":{"start":{"line":66,"column":2},"end":{"line":66,"column":20}},"19":{"start":{"line":67,"column":2},"end":{"line":67,"column":13}},"20":{"start":{"line":72,"column":2},"end":{"line":72,"column":20}},"21":{"start":{"line":73,"column":2},"end":{"line":73,"column":20}},"22":{"start":{"line":74,"column":2},"end":{"line":74,"column":2036}},"23":{"start":{"line":75,"column":3},"end":{"line":75,"column":2073}},"24":{"start":{"line":77,"column":4},"end":{"line":77,"column":41}},"25":{"start":{"line":80,"column":2},"end":{"line":80,"column":2190}},"26":{"start":{"line":80,"column":23},"end":{"line":80,"column":50}},"27":{"start":{"line":82,"column":3},"end":{"line":82,"column":2254}},"28":{"start":{"line":83,"column":4},"end":{"line":83,"column":2287}},"29":{"start":{"line":86,"column":5},"end":{"line":86,"column":75}},"30":{"start":{"line":90,"column":2},"end":{"line":90,"column":16}},"31":{"start":{"line":91,"column":2},"end":{"line":91,"column":12}},"32":{"start":{"line":99,"column":2},"end":{"line":99,"column":39}},"33":{"start":{"line":105,"column":2},"end":{"line":105,"column":17}},"34":{"start":{"line":110,"column":2},"end":{"line":110,"column":29}},"35":{"start":{"line":115,"column":3},"end":{"line":115,"column":3220}},"36":{"start":{"line":119,"column":5},"end":{"line":119,"column":15}},"37":{"start":{"line":126,"column":2},"end":{"line":126,"column":9}}},"branchMap":{"1":{"line":30,"type":"if","locations":[{"start":{"line":30,"column":23},"end":{"line":30,"column":23}},{"start":{"line":30,"column":23},"end":{"line":30,"column":23}}]},"2":{"line":31,"type":"if","locations":[{"start":{"line":31,"column":24},"end":{"line":31,"column":24}},{"start":{"line":31,"column":24},"end":{"line":31,"column":24}}]},"3":{"line":32,"type":"if","locations":[{"start":{"line":32,"column":23},"end":{"line":32,"column":23}},{"start":{"line":32,"column":23},"end":{"line":32,"column":23}}]},"4":{"line":33,"type":"if","locations":[{"start":{"line":33,"column":22},"end":{"line":33,"column":22}},{"start":{"line":33,"column":22},"end":{"line":33,"column":22}}]},"5":{"line":34,"type":"if","locations":[{"start":{"line":34,"column":27},"end":{"line":34,"column":27}},{"start":{"line":34,"column":27},"end":{"line":34,"column":27}}]},"6":{"line":35,"type":"if","locations":[{"start":{"line":35,"column":29},"end":{"line":35,"column":29}},{"start":{"line":35,"column":29},"end":{"line":35,"column":29}}]},"7":{"line":37,"type":"if","locations":[{"start":{"line":37,"column":2},"end":{"line":37,"column":2}},{"start":{"line":37,"column":2},"end":{"line":37,"column":2}}]},"8":{"line":49,"type":"if","locations":[{"start":{"line":49,"column":2},"end":{"line":49,"column":2}},{"start":{"line":49,"column":2},"end":{"line":49,"column":2}}]},"9":{"line":75,"type":"if","locations":[{"start":{"line":75,"column":3},"end":{"line":75,"column":3}},{"start":{"line":75,"column":3},"end":{"line":75,"column":3}}]},"10":{"line":80,"type":"if","locations":[{"start":{"line":80,"column":2},"end":{"line":80,"column":2}},{"start":{"line":80,"column":2},"end":{"line":80,"column":2}}]},"11":{"line":83,"type":"if","locations":[{"start":{"line":83,"column":4},"end":{"line":83,"column":4}},{"start":{"line":83,"column":4},"end":{"line":83,"column":4}}]}}}}