TN:
SF:/home/jlandrews/School/Dev Decal/Homework-2/ex2/contracts/BettingContract.sol
FN:30,OwnerOnly
FN:31,OracleOnly
FN:32,NotOracle
FN:33,NotOwner
FN:34,NotAlreadyBet
FN:35,OpenBettingSlot
FN:36,HasFunds
FN:42,BettingContract
FN:48,chooseOracle
FN:55,makeBet
FN:71,makeDecision
FN:95,withdraw
FN:104,checkOutcomes
FN:109,checkWinnings
FN:114,contractReset
FN:123,
FNF:16
FNH:16
FNDA:8,OwnerOnly
FNDA:6,OracleOnly
FNDA:25,NotOracle
FNDA:24,NotOwner
FNDA:22,NotAlreadyBet
FNDA:23,OpenBettingSlot
FNDA:3,HasFunds
FNDA:16,BettingContract
FNDA:7,chooseOracle
FNDA:21,makeBet
FNDA:5,makeDecision
FNDA:2,withdraw
FNDA:1,checkOutcomes
FNDA:9,checkWinnings
FNDA:5,contractReset
FNDA:1,
DA:37,3
DA:38,2
DA:43,16
DA:44,16
DA:49,7
DA:50,6
DA:51,6
DA:62,21
DA:63,21
DA:64,21
DA:65,21
DA:66,21
DA:67,21
DA:72,5
DA:73,5
DA:74,5
DA:75,9
DA:76,5
DA:77,5
DA:80,5
DA:82,4
DA:83,6
DA:86,5
DA:90,5
DA:91,5
DA:99,2
DA:100,2
DA:105,1
DA:110,9
DA:115,5
DA:116,9
DA:118,5
DA:119,5
DA:126,1
LF:34
LH:34
BRDA:30,1,0,7
BRDA:30,1,1,1
BRDA:31,2,0,5
BRDA:31,2,1,1
BRDA:32,3,0,24
BRDA:32,3,1,1
BRDA:33,4,0,23
BRDA:33,4,1,1
BRDA:34,5,0,21
BRDA:34,5,1,1
BRDA:35,6,0,22
BRDA:35,6,1,1
BRDA:37,7,0,2
BRDA:37,7,1,1
BRDA:49,8,0,1
BRDA:49,8,1,6
BRDA:75,9,0,5
BRDA:75,9,1,4
BRDA:80,10,0,1
BRDA:80,10,1,4
BRDA:83,11,0,5
BRDA:83,11,1,1
BRF:22
BRH:22
end_of_record
